2023-11-06 00:00:08,985 [TB-Scheduling-3] INFO  o.t.s.c.t.s.DefaultTransportService - Transport Stats: openConnections [1]
2023-11-06 00:00:08,986 [TB-Scheduling-1] INFO  o.t.s.s.queue.TbCoreConsumerStats - Core Stats: totalMsgs = [1] sessionEvents = [0] getAttr = [0] subToAttr = [0] subToRpc = [0] toDevRpc = [0] subInfo = [1] claimDevice = [0] deviceState = [0] subMsgs = [0] coreNfs = [0] edgeNfs = [0] deviceActivity = [0] 
2023-11-06 00:00:14,196 [sql-log-1-thread-1] INFO  o.t.s.dao.sql.TbSqlBlockingQueue - Queue-2 [TS] queueSize [0] totalAdded [7] totalSaved [7] totalFailed [0]
2023-11-06 00:00:14,302 [sql-log-1-thread-1] INFO  o.t.s.dao.sql.TbSqlBlockingQueue - Queue-2 [TS Latest] queueSize [0] totalAdded [7] totalSaved [7] totalFailed [0]
2023-11-06 00:00:19,321 [sql-log-1-thread-1] INFO  o.t.s.dao.sql.TbSqlBlockingQueue - Queue-0 [Events] queueSize [0] totalAdded [2] totalSaved [2] totalFailed [0]
2023-11-06 00:00:19,323 [sql-log-1-thread-1] INFO  o.t.s.dao.sql.TbSqlBlockingQueue - Queue-1 [Events] queueSize [0] totalAdded [1] totalSaved [1] totalFailed [0]
2023-11-06 00:00:24,196 [sql-log-1-thread-1] INFO  o.t.s.dao.sql.TbSqlBlockingQueue - Queue-2 [TS] queueSize [0] totalAdded [4] totalSaved [4] totalFailed [0]
2023-11-06 00:00:24,302 [sql-log-1-thread-1] INFO  o.t.s.dao.sql.TbSqlBlockingQueue - Queue-2 [TS Latest] queueSize [0] totalAdded [4] totalSaved [4] totalFailed [0]
2023-11-06 00:00:43,909 [sql-log-1-thread-1] INFO  o.t.s.dao.sql.TbSqlBlockingQueue - Queue-2 [Attributes] queueSize [0] totalAdded [1] totalSaved [1] totalFailed [0]
2023-11-06 00:00:54,197 [sql-log-1-thread-1] INFO  o.t.s.dao.sql.TbSqlBlockingQueue - Queue-2 [TS] queueSize [0] totalAdded [2] totalSaved [2] totalFailed [0]
2023-11-06 00:00:54,303 [sql-log-1-thread-1] INFO  o.t.s.dao.sql.TbSqlBlockingQueue - Queue-2 [TS Latest] queueSize [0] totalAdded [2] totalSaved [2] totalFailed [0]
2023-11-06 00:01:09,009 [TB-Scheduling-2] INFO  o.t.s.c.t.s.DefaultTransportService - Transport Stats: openConnections [1]
2023-11-06 00:01:09,009 [TB-Scheduling-3] INFO  o.t.s.s.queue.TbCoreConsumerStats - Core Stats: totalMsgs = [1] sessionEvents = [0] getAttr = [0] subToAttr = [0] subToRpc = [0] toDevRpc = [0] subInfo = [1] claimDevice = [0] deviceState = [0] subMsgs = [0] coreNfs = [0] edgeNfs = [0] deviceActivity = [0] 
2023-11-06 00:01:14,197 [sql-log-1-thread-1] INFO  o.t.s.dao.sql.TbSqlBlockingQueue - Queue-2 [TS] queueSize [0] totalAdded [7] totalSaved [7] totalFailed [0]
2023-11-06 00:01:14,303 [sql-log-1-thread-1] INFO  o.t.s.dao.sql.TbSqlBlockingQueue - Queue-2 [TS Latest] queueSize [0] totalAdded [7] totalSaved [7] totalFailed [0]
2023-11-06 00:01:24,197 [sql-log-1-thread-1] INFO  o.t.s.dao.sql.TbSqlBlockingQueue - Queue-2 [TS] queueSize [0] totalAdded [4] totalSaved [4] totalFailed [0]
2023-11-06 00:01:24,303 [sql-log-1-thread-1] INFO  o.t.s.dao.sql.TbSqlBlockingQueue - Queue-2 [TS Latest] queueSize [0] totalAdded [4] totalSaved [4] totalFailed [0]
2023-11-06 00:01:29,072 [nioEventLoopGroup-4-12] WARN  o.t.s.t.mqtt.MqttTransportHandler - peer not authenticated
2023-11-06 00:01:33,909 [sql-log-1-thread-1] INFO  o.t.s.dao.sql.TbSqlBlockingQueue - Queue-2 [Attributes] queueSize [0] totalAdded [3] totalSaved [3] totalFailed [0]
2023-11-06 00:01:34,197 [sql-log-1-thread-1] INFO  o.t.s.dao.sql.TbSqlBlockingQueue - Queue-2 [TS] queueSize [0] totalAdded [1] totalSaved [1] totalFailed [0]
2023-11-06 00:01:34,303 [sql-log-1-thread-1] INFO  o.t.s.dao.sql.TbSqlBlockingQueue - Queue-2 [TS Latest] queueSize [0] totalAdded [1] totalSaved [1] totalFailed [0]
2023-11-06 00:01:44,196 [sql-log-1-thread-1] INFO  o.t.s.dao.sql.TbSqlBlockingQueue - Queue-2 [TS] queueSize [0] totalAdded [16] totalSaved [16] totalFailed [0]
2023-11-06 00:01:44,303 [sql-log-1-thread-1] INFO  o.t.s.dao.sql.TbSqlBlockingQueue - Queue-2 [TS Latest] queueSize [0] totalAdded [16] totalSaved [16] totalFailed [0]
2023-11-06 00:02:08,916 [TB-Scheduling-6] INFO  o.t.s.s.q.TbRuleEngineConsumerStats - [Main] Stats: totalMsgs = [2] successfulMsgs = [2] timeoutMsgs = [0] failedMsgs = [0] tmpTimeout = [0] tmpFailed = [0] successfulIterations = [2] failedIterations = [0] 
2023-11-06 00:02:09,011 [TB-Scheduling-3] INFO  o.t.s.c.t.s.DefaultTransportService - Transport Stats: openConnections [1]
2023-11-06 00:02:09,011 [TB-Scheduling-6] INFO  o.t.s.s.queue.TbCoreConsumerStats - Core Stats: totalMsgs = [5] sessionEvents = [2] getAttr = [0] subToAttr = [1] subToRpc = [0] toDevRpc = [0] subInfo = [2] claimDevice = [0] deviceState = [0] subMsgs = [0] coreNfs = [0] edgeNfs = [0] deviceActivity = [0] 
2023-11-06 00:02:14,196 [sql-log-1-thread-1] INFO  o.t.s.dao.sql.TbSqlBlockingQueue - Queue-0 [TS] queueSize [0] totalAdded [6] totalSaved [6] totalFailed [0]
2023-11-06 00:02:14,197 [sql-log-1-thread-1] INFO  o.t.s.dao.sql.TbSqlBlockingQueue - Queue-2 [TS] queueSize [0] totalAdded [7] totalSaved [7] totalFailed [0]
2023-11-06 00:02:14,302 [sql-log-1-thread-1] INFO  o.t.s.dao.sql.TbSqlBlockingQueue - Queue-0 [TS Latest] queueSize [0] totalAdded [6] totalSaved [6] totalFailed [0]
2023-11-06 00:02:14,303 [sql-log-1-thread-1] INFO  o.t.s.dao.sql.TbSqlBlockingQueue - Queue-2 [TS Latest] queueSize [0] totalAdded [7] totalSaved [7] totalFailed [0]
2023-11-06 00:02:24,196 [sql-log-1-thread-1] INFO  o.t.s.dao.sql.TbSqlBlockingQueue - Queue-2 [TS] queueSize [0] totalAdded [4] totalSaved [4] totalFailed [0]
2023-11-06 00:02:24,303 [sql-log-1-thread-1] INFO  o.t.s.dao.sql.TbSqlBlockingQueue - Queue-2 [TS Latest] queueSize [0] totalAdded [4] totalSaved [4] totalFailed [0]
2023-11-06 00:02:33,908 [sql-log-1-thread-1] INFO  o.t.s.dao.sql.TbSqlBlockingQueue - Queue-2 [Attributes] queueSize [0] totalAdded [1] totalSaved [1] totalFailed [0]
2023-11-06 00:03:09,012 [TB-Scheduling-1] INFO  o.t.s.c.t.s.DefaultTransportService - Transport Stats: openConnections [1]
2023-11-06 00:03:09,012 [TB-Scheduling-3] INFO  o.t.s.s.queue.TbCoreConsumerStats - Core Stats: totalMsgs = [1] sessionEvents = [0] getAttr = [0] subToAttr = [0] subToRpc = [0] toDevRpc = [0] subInfo = [1] claimDevice = [0] deviceState = [0] subMsgs = [0] coreNfs = [0] edgeNfs = [0] deviceActivity = [0] 
2023-11-06 00:03:14,195 [sql-log-1-thread-1] INFO  o.t.s.dao.sql.TbSqlBlockingQueue - Queue-2 [TS] queueSize [0] totalAdded [7] totalSaved [7] totalFailed [0]
2023-11-06 00:03:14,302 [sql-log-1-thread-1] INFO  o.t.s.dao.sql.TbSqlBlockingQueue - Queue-2 [TS Latest] queueSize [0] totalAdded [7] totalSaved [7] totalFailed [0]
2023-11-06 00:03:24,195 [sql-log-1-thread-1] INFO  o.t.s.dao.sql.TbSqlBlockingQueue - Queue-2 [TS] queueSize [0] totalAdded [4] totalSaved [4] totalFailed [0]
2023-11-06 00:03:24,302 [sql-log-1-thread-1] INFO  o.t.s.dao.sql.TbSqlBlockingQueue - Queue-2 [TS Latest] queueSize [0] totalAdded [4] totalSaved [4] totalFailed [0]
2023-11-06 00:03:33,907 [sql-log-1-thread-1] INFO  o.t.s.dao.sql.TbSqlBlockingQueue - Queue-2 [Attributes] queueSize [0] totalAdded [1] totalSaved [1] totalFailed [0]
2023-11-06 00:03:54,195 [sql-log-1-thread-1] INFO  o.t.s.dao.sql.TbSqlBlockingQueue - Queue-2 [TS] queueSize [0] totalAdded [1] totalSaved [1] totalFailed [0]
