2023-11-14 00:00:01,097 [TB-Scheduling-1] INFO  o.t.s.s.s.DefaultTbEntityDataSubscriptionService - Stats: regularQueryInvocationCnt = [0], regularQueryInvocationTime = [0], dynamicQueryCnt = [6] dynamicQueryInvocationCnt = [0], dynamicQueryInvocationTime = [0], alarmQueryInvocationCnt = [0], alarmQueryInvocationTime = [0]
2023-11-14 00:00:11,112 [TB-Scheduling-2] INFO  o.t.s.s.s.DefaultTbEntityDataSubscriptionService - Stats: regularQueryInvocationCnt = [0], regularQueryInvocationTime = [0], dynamicQueryCnt = [6] dynamicQueryInvocationCnt = [0], dynamicQueryInvocationTime = [0], alarmQueryInvocationCnt = [0], alarmQueryInvocationTime = [0]
2023-11-14 00:00:21,115 [TB-Scheduling-8] INFO  o.t.s.s.s.DefaultTbEntityDataSubscriptionService - Stats: regularQueryInvocationCnt = [0], regularQueryInvocationTime = [0], dynamicQueryCnt = [6] dynamicQueryInvocationCnt = [0], dynamicQueryInvocationTime = [0], alarmQueryInvocationCnt = [0], alarmQueryInvocationTime = [0]
2023-11-14 00:00:28,048 [sql-log-1-thread-1] INFO  o.t.s.dao.sql.TbSqlBlockingQueue - Queue-2 [TS] queueSize [0] totalAdded [2] totalSaved [2] totalFailed [0]
2023-11-14 00:00:28,138 [sql-log-1-thread-1] INFO  o.t.s.dao.sql.TbSqlBlockingQueue - Queue-2 [TS Latest] queueSize [0] totalAdded [2] totalSaved [2] totalFailed [0]
2023-11-14 00:00:31,117 [TB-Scheduling-6] INFO  o.t.s.s.s.DefaultTbEntityDataSubscriptionService - Stats: regularQueryInvocationCnt = [0], regularQueryInvocationTime = [0], dynamicQueryCnt = [6] dynamicQueryInvocationCnt = [0], dynamicQueryInvocationTime = [0], alarmQueryInvocationCnt = [0], alarmQueryInvocationTime = [0]
2023-11-14 00:00:41,010 [TB-Scheduling-6] INFO  o.t.s.c.t.s.DefaultTransportService - Transport Stats: openConnections [0]
2023-11-14 00:00:41,036 [TB-Scheduling-7] INFO  o.t.s.dao.aspect.SqlDaoCallsAspect - Total timing statistics below:
2023-11-14 00:00:41,039 [TB-Scheduling-7] INFO  o.t.s.dao.aspect.SqlDaoCallsAspect - [129adff0-6dfc-11ee-9984-2b8a0281ea3f]: calls: 3, failures: 0, exec time: 3 
2023-11-14 00:00:41,039 [TB-Scheduling-7] INFO  o.t.s.dao.aspect.SqlDaoCallsAspect - [129adff0-6dfc-11ee-9984-2b8a0281ea3f] Top 3 methods by timing:
2023-11-14 00:00:41,041 [TB-Scheduling-7] INFO  o.t.s.dao.aspect.SqlDaoCallsAspect - [129adff0-6dfc-11ee-9984-2b8a0281ea3f]: method: JpaAlarmDao.countAlarmsByQuery(..), calls: 3, failures: 0, exec time: 3
2023-11-14 00:00:41,119 [TB-Scheduling-8] INFO  o.t.s.s.s.DefaultTbEntityDataSubscriptionService - Stats: regularQueryInvocationCnt = [0], regularQueryInvocationTime = [0], dynamicQueryCnt = [6] dynamicQueryInvocationCnt = [6], dynamicQueryInvocationTime = [6], alarmQueryInvocationCnt = [0], alarmQueryInvocationTime = [0]
2023-11-14 00:00:48,048 [sql-log-1-thread-1] INFO  o.t.s.dao.sql.TbSqlBlockingQueue - Queue-2 [TS] queueSize [0] totalAdded [7] totalSaved [7] totalFailed [0]
2023-11-14 00:00:48,138 [sql-log-1-thread-1] INFO  o.t.s.dao.sql.TbSqlBlockingQueue - Queue-2 [TS Latest] queueSize [0] totalAdded [7] totalSaved [7] totalFailed [0]
2023-11-14 00:00:51,121 [TB-Scheduling-5] INFO  o.t.s.s.s.DefaultTbEntityDataSubscriptionService - Stats: regularQueryInvocationCnt = [0], regularQueryInvocationTime = [0], dynamicQueryCnt = [6] dynamicQueryInvocationCnt = [0], dynamicQueryInvocationTime = [0], alarmQueryInvocationCnt = [0], alarmQueryInvocationTime = [0]
2023-11-14 00:00:58,048 [sql-log-1-thread-1] INFO  o.t.s.dao.sql.TbSqlBlockingQueue - Queue-2 [TS] queueSize [0] totalAdded [4] totalSaved [4] totalFailed [0]
2023-11-14 00:00:58,139 [sql-log-1-thread-1] INFO  o.t.s.dao.sql.TbSqlBlockingQueue - Queue-2 [TS Latest] queueSize [0] totalAdded [4] totalSaved [4] totalFailed [0]
2023-11-14 00:01:01,124 [TB-Scheduling-1] INFO  o.t.s.s.s.DefaultTbEntityDataSubscriptionService - Stats: regularQueryInvocationCnt = [0], regularQueryInvocationTime = [0], dynamicQueryCnt = [6] dynamicQueryInvocationCnt = [0], dynamicQueryInvocationTime = [0], alarmQueryInvocationCnt = [0], alarmQueryInvocationTime = [0]
2023-11-14 00:01:11,126 [TB-Scheduling-3] INFO  o.t.s.s.s.DefaultTbEntityDataSubscriptionService - Stats: regularQueryInvocationCnt = [0], regularQueryInvocationTime = [0], dynamicQueryCnt = [6] dynamicQueryInvocationCnt = [0], dynamicQueryInvocationTime = [0], alarmQueryInvocationCnt = [0], alarmQueryInvocationTime = [0]
2023-11-14 00:01:21,128 [TB-Scheduling-6] INFO  o.t.s.s.s.DefaultTbEntityDataSubscriptionService - Stats: regularQueryInvocationCnt = [0], regularQueryInvocationTime = [0], dynamicQueryCnt = [6] dynamicQueryInvocationCnt = [0], dynamicQueryInvocationTime = [0], alarmQueryInvocationCnt = [0], alarmQueryInvocationTime = [0]
2023-11-14 00:01:31,131 [TB-Scheduling-2] INFO  o.t.s.s.s.DefaultTbEntityDataSubscriptionService - Stats: regularQueryInvocationCnt = [0], regularQueryInvocationTime = [0], dynamicQueryCnt = [6] dynamicQueryInvocationCnt = [0], dynamicQueryInvocationTime = [0], alarmQueryInvocationCnt = [0], alarmQueryInvocationTime = [0]
2023-11-14 00:01:41,013 [TB-Scheduling-2] INFO  o.t.s.c.t.s.DefaultTransportService - Transport Stats: openConnections [0]
2023-11-14 00:01:41,042 [TB-Scheduling-7] INFO  o.t.s.dao.aspect.SqlDaoCallsAspect - Total timing statistics below:
2023-11-14 00:01:41,044 [TB-Scheduling-7] INFO  o.t.s.dao.aspect.SqlDaoCallsAspect - [129adff0-6dfc-11ee-9984-2b8a0281ea3f]: calls: 3, failures: 0, exec time: 8 
2023-11-14 00:01:41,045 [TB-Scheduling-7] INFO  o.t.s.dao.aspect.SqlDaoCallsAspect - [129adff0-6dfc-11ee-9984-2b8a0281ea3f] Top 3 methods by timing:
2023-11-14 00:01:41,046 [TB-Scheduling-7] INFO  o.t.s.dao.aspect.SqlDaoCallsAspect - [129adff0-6dfc-11ee-9984-2b8a0281ea3f]: method: JpaAlarmDao.countAlarmsByQuery(..), calls: 3, failures: 0, exec time: 8
2023-11-14 00:01:41,133 [TB-Scheduling-6] INFO  o.t.s.s.s.DefaultTbEntityDataSubscriptionService - Stats: regularQueryInvocationCnt = [0], regularQueryInvocationTime = [0], dynamicQueryCnt = [6] dynamicQueryInvocationCnt = [6], dynamicQueryInvocationTime = [17], alarmQueryInvocationCnt = [0], alarmQueryInvocationTime = [0]
2023-11-14 00:01:48,048 [sql-log-1-thread-1] INFO  o.t.s.dao.sql.TbSqlBlockingQueue - Queue-2 [TS] queueSize [0] totalAdded [7] totalSaved [7] totalFailed [0]
2023-11-14 00:01:48,138 [sql-log-1-thread-1] INFO  o.t.s.dao.sql.TbSqlBlockingQueue - Queue-2 [TS Latest] queueSize [0] totalAdded [7] totalSaved [7] totalFailed [0]
2023-11-14 00:01:51,134 [TB-Scheduling-4] INFO  o.t.s.s.s.DefaultTbEntityDataSubscriptionService - Stats: regularQueryInvocationCnt = [0], regularQueryInvocationTime = [0], dynamicQueryCnt = [6] dynamicQueryInvocationCnt = [0], dynamicQueryInvocationTime = [0], alarmQueryInvocationCnt = [0], alarmQueryInvocationTime = [0]
2023-11-14 00:01:58,048 [sql-log-1-thread-1] INFO  o.t.s.dao.sql.TbSqlBlockingQueue - Queue-2 [TS] queueSize [0] totalAdded [4] totalSaved [4] totalFailed [0]
2023-11-14 00:01:58,138 [sql-log-1-thread-1] INFO  o.t.s.dao.sql.TbSqlBlockingQueue - Queue-2 [TS Latest] queueSize [0] totalAdded [4] totalSaved [4] totalFailed [0]
2023-11-14 00:02:01,136 [TB-Scheduling-8] INFO  o.t.s.s.s.DefaultTbEntityDataSubscriptionService - Stats: regularQueryInvocationCnt = [0], regularQueryInvocationTime = [0], dynamicQueryCnt = [6] dynamicQueryInvocationCnt = [0], dynamicQueryInvocationTime = [0], alarmQueryInvocationCnt = [0], alarmQueryInvocationTime = [0]
2023-11-14 00:02:11,138 [TB-Scheduling-5] INFO  o.t.s.s.s.DefaultTbEntityDataSubscriptionService - Stats: regularQueryInvocationCnt = [0], regularQueryInvocationTime = [0], dynamicQueryCnt = [6] dynamicQueryInvocationCnt = [0], dynamicQueryInvocationTime = [0], alarmQueryInvocationCnt = [0], alarmQueryInvocationTime = [0]
2023-11-14 00:02:21,140 [TB-Scheduling-1] INFO  o.t.s.s.s.DefaultTbEntityDataSubscriptionService - Stats: regularQueryInvocationCnt = [0], regularQueryInvocationTime = [0], dynamicQueryCnt = [6] dynamicQueryInvocationCnt = [0], dynamicQueryInvocationTime = [0], alarmQueryInvocationCnt = [0], alarmQueryInvocationTime = [0]
2023-11-14 00:02:31,142 [TB-Scheduling-8] INFO  o.t.s.s.s.DefaultTbEntityDataSubscriptionService - Stats: regularQueryInvocationCnt = [0], regularQueryInvocationTime = [0], dynamicQueryCnt = [6] dynamicQueryInvocationCnt = [0], dynamicQueryInvocationTime = [0], alarmQueryInvocationCnt = [0], alarmQueryInvocationTime = [0]
2023-11-14 00:02:41,015 [TB-Scheduling-3] INFO  o.t.s.c.t.s.DefaultTransportService - Transport Stats: openConnections [0]
2023-11-14 00:02:41,047 [TB-Scheduling-4] INFO  o.t.s.dao.aspect.SqlDaoCallsAspect - Total timing statistics below:
2023-11-14 00:02:41,048 [TB-Scheduling-4] INFO  o.t.s.dao.aspect.SqlDaoCallsAspect - [129adff0-6dfc-11ee-9984-2b8a0281ea3f]: calls: 3, failures: 0, exec time: 1 
2023-11-14 00:02:41,049 [TB-Scheduling-4] INFO  o.t.s.dao.aspect.SqlDaoCallsAspect - [129adff0-6dfc-11ee-9984-2b8a0281ea3f] Top 3 methods by timing:
2023-11-14 00:02:41,050 [TB-Scheduling-4] INFO  o.t.s.dao.aspect.SqlDaoCallsAspect - [129adff0-6dfc-11ee-9984-2b8a0281ea3f]: method: JpaAlarmDao.countAlarmsByQuery(..), calls: 3, failures: 0, exec time: 1
2023-11-14 00:02:41,144 [TB-Scheduling-2] INFO  o.t.s.s.s.DefaultTbEntityDataSubscriptionService - Stats: regularQueryInvocationCnt = [0], regularQueryInvocationTime = [0], dynamicQueryCnt = [6] dynamicQueryInvocationCnt = [6], dynamicQueryInvocationTime = [6], alarmQueryInvocationCnt = [0], alarmQueryInvocationTime = [0]
2023-11-14 00:02:48,048 [sql-log-1-thread-1] INFO  o.t.s.dao.sql.TbSqlBlockingQueue - Queue-2 [TS] queueSize [0] totalAdded [7] totalSaved [7] totalFailed [0]
2023-11-14 00:02:48,138 [sql-log-1-thread-1] INFO  o.t.s.dao.sql.TbSqlBlockingQueue - Queue-2 [TS Latest] queueSize [0] totalAdded [7] totalSaved [7] totalFailed [0]
2023-11-14 00:02:51,147 [TB-Scheduling-1] INFO  o.t.s.s.s.DefaultTbEntityDataSubscriptionService - Stats: regularQueryInvocationCnt = [0], regularQueryInvocationTime = [0], dynamicQueryCnt = [6] dynamicQueryInvocationCnt = [0], dynamicQueryInvocationTime = [0], alarmQueryInvocationCnt = [0], alarmQueryInvocationTime = [0]
2023-11-14 00:02:58,048 [sql-log-1-thread-1] INFO  o.t.s.dao.sql.TbSqlBlockingQueue - Queue-2 [TS] queueSize [0] totalAdded [4] totalSaved [4] totalFailed [0]
2023-11-14 00:02:58,138 [sql-log-1-thread-1] INFO  o.t.s.dao.sql.TbSqlBlockingQueue - Queue-2 [TS Latest] queueSize [0] totalAdded [4] totalSaved [4] totalFailed [0]
2023-11-14 00:03:01,149 [TB-Scheduling-7] INFO  o.t.s.s.s.DefaultTbEntityDataSubscriptionService - Stats: regularQueryInvocationCnt = [0], regularQueryInvocationTime = [0], dynamicQueryCnt = [6] dynamicQueryInvocationCnt = [0], dynamicQueryInvocationTime = [0], alarmQueryInvocationCnt = [0], alarmQueryInvocationTime = [0]
2023-11-14 00:03:11,151 [TB-Scheduling-2] INFO  o.t.s.s.s.DefaultTbEntityDataSubscriptionService - Stats: regularQueryInvocationCnt = [0], regularQueryInvocationTime = [0], dynamicQueryCnt = [6] dynamicQueryInvocationCnt = [0], dynamicQueryInvocationTime = [0], alarmQueryInvocationCnt = [0], alarmQueryInvocationTime = [0]
2023-11-14 00:03:21,153 [TB-Scheduling-1] INFO  o.t.s.s.s.DefaultTbEntityDataSubscriptionService - Stats: regularQueryInvocationCnt = [0], regularQueryInvocationTime = [0], dynamicQueryCnt = [6] dynamicQueryInvocationCnt = [0], dynamicQueryInvocationTime = [0], alarmQueryInvocationCnt = [0], alarmQueryInvocationTime = [0]
2023-11-14 00:03:28,047 [sql-log-1-thread-1] INFO  o.t.s.dao.sql.TbSqlBlockingQueue - Queue-2 [TS] queueSize [0] totalAdded [1] totalSaved [1] totalFailed [0]
2023-11-14 00:03:28,138 [sql-log-1-thread-1] INFO  o.t.s.dao.sql.TbSqlBlockingQueue - Queue-2 [TS Latest] queueSize [0] totalAdded [1] totalSaved [1] totalFailed [0]
2023-11-14 00:03:31,155 [TB-Scheduling-6] INFO  o.t.s.s.s.DefaultTbEntityDataSubscriptionService - Stats: regularQueryInvocationCnt = [0], regularQueryInvocationTime = [0], dynamicQueryCnt = [6] dynamicQueryInvocationCnt = [0], dynamicQueryInvocationTime = [0], alarmQueryInvocationCnt = [0], alarmQueryInvocationTime = [0]
2023-11-14 00:03:41,016 [TB-Scheduling-6] INFO  o.t.s.c.t.s.DefaultTransportService - Transport Stats: openConnections [0]
2023-11-14 00:03:41,052 [TB-Scheduling-5] INFO  o.t.s.dao.aspect.SqlDaoCallsAspect - Total timing statistics below:
2023-11-14 00:03:41,054 [TB-Scheduling-5] INFO  o.t.s.dao.aspect.SqlDaoCallsAspect - [129adff0-6dfc-11ee-9984-2b8a0281ea3f]: calls: 3, failures: 0, exec time: 2 
2023-11-14 00:03:41,055 [TB-Scheduling-5] INFO  o.t.s.dao.aspect.SqlDaoCallsAspect - [129adff0-6dfc-11ee-9984-2b8a0281ea3f] Top 3 methods by timing:
2023-11-14 00:03:41,056 [TB-Scheduling-5] INFO  o.t.s.dao.aspect.SqlDaoCallsAspect - [129adff0-6dfc-11ee-9984-2b8a0281ea3f]: method: JpaAlarmDao.countAlarmsByQuery(..), calls: 3, failures: 0, exec time: 2
2023-11-14 00:03:41,157 [TB-Scheduling-1] INFO  o.t.s.s.s.DefaultTbEntityDataSubscriptionService - Stats: regularQueryInvocationCnt = [0], regularQueryInvocationTime = [0], dynamicQueryCnt = [6] dynamicQueryInvocationCnt = [6], dynamicQueryInvocationTime = [5], alarmQueryInvocationCnt = [0], alarmQueryInvocationTime = [0]
2023-11-14 00:03:48,053 [sql-log-1-thread-1] INFO  o.t.s.dao.sql.TbSqlBlockingQueue - Queue-2 [TS] queueSize [0] totalAdded [7] totalSaved [7] totalFailed [0]
2023-11-14 00:03:48,144 [sql-log-1-thread-1] INFO  o.t.s.dao.sql.TbSqlBlockingQueue - Queue-2 [TS Latest] queueSize [0] totalAdded [7] totalSaved [7] totalFailed [0]
2023-11-14 00:03:51,168 [TB-Scheduling-3] INFO  o.t.s.s.s.DefaultTbEntityDataSubscriptionService - Stats: regularQueryInvocationCnt = [0], regularQueryInvocationTime = [0], dynamicQueryCnt = [6] dynamicQueryInvocationCnt = [0], dynamicQueryInvocationTime = [0], alarmQueryInvocationCnt = [0], alarmQueryInvocationTime = [0]
2023-11-14 00:03:58,053 [sql-log-1-thread-1] INFO  o.t.s.dao.sql.TbSqlBlockingQueue - Queue-2 [TS] queueSize [0] totalAdded [4] totalSaved [4] totalFailed [0]
2023-11-14 00:03:58,144 [sql-log-1-thread-1] INFO  o.t.s.dao.sql.TbSqlBlockingQueue - Queue-2 [TS Latest] queueSize [0] totalAdded [4] totalSaved [4] totalFailed [0]
2023-11-14 00:04:01,171 [TB-Scheduling-6] INFO  o.t.s.s.s.DefaultTbEntityDataSubscriptionService - Stats: regularQueryInvocationCnt = [0], regularQueryInvocationTime = [0], dynamicQueryCnt = [6] dynamicQueryInvocationCnt = [0], dynamicQueryInvocationTime = [0], alarmQueryInvocationCnt = [0], alarmQueryInvocationTime = [0]
2023-11-14 00:04:11,173 [TB-Scheduling-4] INFO  o.t.s.s.s.DefaultTbEntityDataSubscriptionService - Stats: regularQueryInvocationCnt = [0], regularQueryInvocationTime = [0], dynamicQueryCnt = [6] dynamicQueryInvocationCnt = [0], dynamicQueryInvocationTime = [0], alarmQueryInvocationCnt = [0], alarmQueryInvocationTime = [0]
2023-11-14 00:04:21,174 [TB-Scheduling-3] INFO  o.t.s.s.s.DefaultTbEntityDataSubscriptionService - Stats: regularQueryInvocationCnt = [0], regularQueryInvocationTime = [0], dynamicQueryCnt = [6] dynamicQueryInvocationCnt = [0], dynamicQueryInvocationTime = [0], alarmQueryInvocationCnt = [0], alarmQueryInvocationTime = [0]
2023-11-14 00:04:31,176 [TB-Scheduling-5] INFO  o.t.s.s.s.DefaultTbEntityDataSubscriptionService - Stats: regularQueryInvocationCnt = [0], regularQueryInvocationTime = [0], dynamicQueryCnt = [6] dynamicQueryInvocationCnt = [0], dynamicQueryInvocationTime = [0], alarmQueryInvocationCnt = [0], alarmQueryInvocationTime = [0]
2023-11-14 00:04:41,026 [TB-Scheduling-5] INFO  o.t.s.c.t.s.DefaultTransportService - Transport Stats: openConnections [0]
2023-11-14 00:04:41,063 [TB-Scheduling-7] INFO  o.t.s.dao.aspect.SqlDaoCallsAspect - Total timing statistics below:
2023-11-14 00:04:41,064 [TB-Scheduling-7] INFO  o.t.s.dao.aspect.SqlDaoCallsAspect - [129adff0-6dfc-11ee-9984-2b8a0281ea3f]: calls: 3, failures: 0, exec time: 8 
2023-11-14 00:04:41,067 [TB-Scheduling-7] INFO  o.t.s.dao.aspect.SqlDaoCallsAspect - [129adff0-6dfc-11ee-9984-2b8a0281ea3f] Top 3 methods by timing:
2023-11-14 00:04:41,069 [TB-Scheduling-7] INFO  o.t.s.dao.aspect.SqlDaoCallsAspect - [129adff0-6dfc-11ee-9984-2b8a0281ea3f]: method: JpaAlarmDao.countAlarmsByQuery(..), calls: 3, failures: 0, exec time: 8
2023-11-14 00:04:41,178 [TB-Scheduling-3] INFO  o.t.s.s.s.DefaultTbEntityDataSubscriptionService - Stats: regularQueryInvocationCnt = [0], regularQueryInvocationTime = [0], dynamicQueryCnt = [6] dynamicQueryInvocationCnt = [6], dynamicQueryInvocationTime = [12], alarmQueryInvocationCnt = [0], alarmQueryInvocationTime = [0]
2023-11-14 00:04:48,052 [sql-log-1-thread-1] INFO  o.t.s.dao.sql.TbSqlBlockingQueue - Queue-2 [TS] queueSize [0] totalAdded [7] totalSaved [7] totalFailed [0]
2023-11-14 00:04:48,142 [sql-log-1-thread-1] INFO  o.t.s.dao.sql.TbSqlBlockingQueue - Queue-2 [TS Latest] queueSize [0] totalAdded [7] totalSaved [7] totalFailed [0]
2023-11-14 00:04:51,179 [TB-Scheduling-4] INFO  o.t.s.s.s.DefaultTbEntityDataSubscriptionService - Stats: regularQueryInvocationCnt = [0], regularQueryInvocationTime = [0], dynamicQueryCnt = [6] dynamicQueryInvocationCnt = [0], dynamicQueryInvocationTime = [0], alarmQueryInvocationCnt = [0], alarmQueryInvocationTime = [0]
2023-11-14 00:04:58,052 [sql-log-1-thread-1] INFO  o.t.s.dao.sql.TbSqlBlockingQueue - Queue-2 [TS] queueSize [0] totalAdded [4] totalSaved [4] totalFailed [0]
2023-11-14 00:04:58,142 [sql-log-1-thread-1] INFO  o.t.s.dao.sql.TbSqlBlockingQueue - Queue-2 [TS Latest] queueSize [0] totalAdded [4] totalSaved [4] totalFailed [0]
2023-11-14 00:05:01,181 [TB-Scheduling-7] INFO  o.t.s.s.s.DefaultTbEntityDataSubscriptionService - Stats: regularQueryInvocationCnt = [0], regularQueryInvocationTime = [0], dynamicQueryCnt = [6] dynamicQueryInvocationCnt = [0], dynamicQueryInvocationTime = [0], alarmQueryInvocationCnt = [0], alarmQueryInvocationTime = [0]
2023-11-14 00:05:11,183 [TB-Scheduling-8] INFO  o.t.s.s.s.DefaultTbEntityDataSubscriptionService - Stats: regularQueryInvocationCnt = [0], regularQueryInvocationTime = [0], dynamicQueryCnt = [6] dynamicQueryInvocationCnt = [0], dynamicQueryInvocationTime = [0], alarmQueryInvocationCnt = [0], alarmQueryInvocationTime = [0]
2023-11-14 00:05:21,189 [TB-Scheduling-6] INFO  o.t.s.s.s.DefaultTbEntityDataSubscriptionService - Stats: regularQueryInvocationCnt = [0], regularQueryInvocationTime = [0], dynamicQueryCnt = [6] dynamicQueryInvocationCnt = [0], dynamicQueryInvocationTime = [0], alarmQueryInvocationCnt = [0], alarmQueryInvocationTime = [0]
2023-11-14 00:05:31,190 [TB-Scheduling-3] INFO  o.t.s.s.s.DefaultTbEntityDataSubscriptionService - Stats: regularQueryInvocationCnt = [0], regularQueryInvocationTime = [0], dynamicQueryCnt = [6] dynamicQueryInvocationCnt = [0], dynamicQueryInvocationTime = [0], alarmQueryInvocationCnt = [0], alarmQueryInvocationTime = [0]
2023-11-14 00:05:41,032 [TB-Scheduling-1] INFO  o.t.s.c.t.s.DefaultTransportService - Transport Stats: openConnections [0]
2023-11-14 00:05:41,074 [TB-Scheduling-5] INFO  o.t.s.dao.aspect.SqlDaoCallsAspect - Total timing statistics below:
2023-11-14 00:05:41,076 [TB-Scheduling-5] INFO  o.t.s.dao.aspect.SqlDaoCallsAspect - [129adff0-6dfc-11ee-9984-2b8a0281ea3f]: calls: 3, failures: 0, exec time: 6 
2023-11-14 00:05:41,077 [TB-Scheduling-5] INFO  o.t.s.dao.aspect.SqlDaoCallsAspect - [129adff0-6dfc-11ee-9984-2b8a0281ea3f] Top 3 methods by timing:
2023-11-14 00:05:41,077 [TB-Scheduling-5] INFO  o.t.s.dao.aspect.SqlDaoCallsAspect - [129adff0-6dfc-11ee-9984-2b8a0281ea3f]: method: JpaAlarmDao.countAlarmsByQuery(..), calls: 3, failures: 0, exec time: 6
2023-11-14 00:05:41,192 [TB-Scheduling-6] INFO  o.t.s.s.s.DefaultTbEntityDataSubscriptionService - Stats: regularQueryInvocationCnt = [0], regularQueryInvocationTime = [0], dynamicQueryCnt = [6] dynamicQueryInvocationCnt = [6], dynamicQueryInvocationTime = [9], alarmQueryInvocationCnt = [0], alarmQueryInvocationTime = [0]
2023-11-14 00:05:48,056 [sql-log-1-thread-1] INFO  o.t.s.dao.sql.TbSqlBlockingQueue - Queue-2 [TS] queueSize [0] totalAdded [7] totalSaved [7] totalFailed [0]
2023-11-14 00:05:48,147 [sql-log-1-thread-1] INFO  o.t.s.dao.sql.TbSqlBlockingQueue - Queue-2 [TS Latest] queueSize [0] totalAdded [7] totalSaved [7] totalFailed [0]
2023-11-14 00:05:51,194 [TB-Scheduling-4] INFO  o.t.s.s.s.DefaultTbEntityDataSubscriptionService - Stats: regularQueryInvocationCnt = [0], regularQueryInvocationTime = [0], dynamicQueryCnt = [6] dynamicQueryInvocationCnt = [0], dynamicQueryInvocationTime = [0], alarmQueryInvocationCnt = [0], alarmQueryInvocationTime = [0]
2023-11-14 00:05:58,056 [sql-log-1-thread-1] INFO  o.t.s.dao.sql.TbSqlBlockingQueue - Queue-2 [TS] queueSize [0] totalAdded [4] totalSaved [4] totalFailed [0]
2023-11-14 00:05:58,146 [sql-log-1-thread-1] INFO  o.t.s.dao.sql.TbSqlBlockingQueue - Queue-2 [TS Latest] queueSize [0] totalAdded [4] totalSaved [4] totalFailed [0]
2023-11-14 00:06:01,197 [TB-Scheduling-2] INFO  o.t.s.s.s.DefaultTbEntityDataSubscriptionService - Stats: regularQueryInvocationCnt = [0], regularQueryInvocationTime = [0], dynamicQueryCnt = [6] dynamicQueryInvocationCnt = [0], dynamicQueryInvocationTime = [0], alarmQueryInvocationCnt = [0], alarmQueryInvocationTime = [0]
2023-11-14 00:06:11,199 [TB-Scheduling-7] INFO  o.t.s.s.s.DefaultTbEntityDataSubscriptionService - Stats: regularQueryInvocationCnt = [0], regularQueryInvocationTime = [0], dynamicQueryCnt = [6] dynamicQueryInvocationCnt = [0], dynamicQueryInvocationTime = [0], alarmQueryInvocationCnt = [0], alarmQueryInvocationTime = [0]
2023-11-14 00:06:21,202 [TB-Scheduling-1] INFO  o.t.s.s.s.DefaultTbEntityDataSubscriptionService - Stats: regularQueryInvocationCnt = [0], regularQueryInvocationTime = [0], dynamicQueryCnt = [6] dynamicQueryInvocationCnt = [0], dynamicQueryInvocationTime = [0], alarmQueryInvocationCnt = [0], alarmQueryInvocationTime = [0]
2023-11-14 00:06:31,206 [TB-Scheduling-5] INFO  o.t.s.s.s.DefaultTbEntityDataSubscriptionService - Stats: regularQueryInvocationCnt = [0], regularQueryInvocationTime = [0], dynamicQueryCnt = [6] dynamicQueryInvocationCnt = [0], dynamicQueryInvocationTime = [0], alarmQueryInvocationCnt = [0], alarmQueryInvocationTime = [0]
2023-11-14 00:06:41,034 [TB-Scheduling-1] INFO  o.t.s.c.t.s.DefaultTransportService - Transport Stats: openConnections [0]
2023-11-14 00:06:41,079 [TB-Scheduling-6] INFO  o.t.s.dao.aspect.SqlDaoCallsAspect - Total timing statistics below:
2023-11-14 00:06:41,082 [TB-Scheduling-6] INFO  o.t.s.dao.aspect.SqlDaoCallsAspect - [129adff0-6dfc-11ee-9984-2b8a0281ea3f]: calls: 3, failures: 0, exec time: 3 
2023-11-14 00:06:41,083 [TB-Scheduling-6] INFO  o.t.s.dao.aspect.SqlDaoCallsAspect - [129adff0-6dfc-11ee-9984-2b8a0281ea3f] Top 3 methods by timing:
2023-11-14 00:06:41,085 [TB-Scheduling-6] INFO  o.t.s.dao.aspect.SqlDaoCallsAspect - [129adff0-6dfc-11ee-9984-2b8a0281ea3f]: method: JpaAlarmDao.countAlarmsByQuery(..), calls: 3, failures: 0, exec time: 3
2023-11-14 00:06:41,215 [TB-Scheduling-4] INFO  o.t.s.s.s.DefaultTbEntityDataSubscriptionService - Stats: regularQueryInvocationCnt = [0], regularQueryInvocationTime = [0], dynamicQueryCnt = [6] dynamicQueryInvocationCnt = [6], dynamicQueryInvocationTime = [9], alarmQueryInvocationCnt = [0], alarmQueryInvocationTime = [0]
2023-11-14 00:06:48,057 [sql-log-1-thread-1] INFO  o.t.s.dao.sql.TbSqlBlockingQueue - Queue-2 [TS] queueSize [0] totalAdded [7] totalSaved [7] totalFailed [0]
2023-11-14 00:06:48,147 [sql-log-1-thread-1] INFO  o.t.s.dao.sql.TbSqlBlockingQueue - Queue-2 [TS Latest] queueSize [0] totalAdded [7] totalSaved [7] totalFailed [0]
2023-11-14 00:06:51,216 [TB-Scheduling-2] INFO  o.t.s.s.s.DefaultTbEntityDataSubscriptionService - Stats: regularQueryInvocationCnt = [0], regularQueryInvocationTime = [0], dynamicQueryCnt = [6] dynamicQueryInvocationCnt = [0], dynamicQueryInvocationTime = [0], alarmQueryInvocationCnt = [0], alarmQueryInvocationTime = [0]
2023-11-14 00:06:58,056 [sql-log-1-thread-1] INFO  o.t.s.dao.sql.TbSqlBlockingQueue - Queue-2 [TS] queueSize [0] totalAdded [4] totalSaved [4] totalFailed [0]
2023-11-14 00:06:58,147 [sql-log-1-thread-1] INFO  o.t.s.dao.sql.TbSqlBlockingQueue - Queue-2 [TS Latest] queueSize [0] totalAdded [4] totalSaved [4] totalFailed [0]
2023-11-14 00:07:01,218 [TB-Scheduling-1] INFO  o.t.s.s.s.DefaultTbEntityDataSubscriptionService - Stats: regularQueryInvocationCnt = [0], regularQueryInvocationTime = [0], dynamicQueryCnt = [6] dynamicQueryInvocationCnt = [0], dynamicQueryInvocationTime = [0], alarmQueryInvocationCnt = [0], alarmQueryInvocationTime = [0]
2023-11-14 00:07:11,220 [TB-Scheduling-8] INFO  o.t.s.s.s.DefaultTbEntityDataSubscriptionService - Stats: regularQueryInvocationCnt = [0], regularQueryInvocationTime = [0], dynamicQueryCnt = [6] dynamicQueryInvocationCnt = [0], dynamicQueryInvocationTime = [0], alarmQueryInvocationCnt = [0], alarmQueryInvocationTime = [0]
2023-11-14 00:07:21,223 [TB-Scheduling-7] INFO  o.t.s.s.s.DefaultTbEntityDataSubscriptionService - Stats: regularQueryInvocationCnt = [0], regularQueryInvocationTime = [0], dynamicQueryCnt = [6] dynamicQueryInvocationCnt = [0], dynamicQueryInvocationTime = [0], alarmQueryInvocationCnt = [0], alarmQueryInvocationTime = [0]
